<?xml version="1.0" encoding="UTF-8"?>
<!-- Generated by org.testng.reporters.JUnitReportReporter -->
<testsuite skipped="0" hostname="DESKTOP-48CJMGQ" name="com.qa.api.GetAPI" tests="2" failures="0" timestamp="02 Feb 2018 04:33:39 GMT" time="1.472" errors="0">
  <testcase name="getAPI_WithoutHeader" time="0.258" classname="com.qa.api.GetAPI"/>
  <testcase name="getAPI_WithHeader" time="1.214" classname="com.qa.api.GetAPI"/>
</testsuite> <!-- com.qa.api.GetAPI -->
