<?xml version="1.0" encoding="UTF-8"?>
<!-- Generated by org.testng.reporters.JUnitReportReporter -->
<testsuite skipped="0" hostname="DESKTOP-48CJMGQ" name="RunnerClass" tests="2" failures="0" timestamp="01 Feb 2018 05:28:46 GMT" time="1.749" errors="0">
  <testcase name="getAPI_WithoutHeader" time="0.217" classname="RunnerClass"/>
  <testcase name="getAPI_WithHeader" time="1.532" classname="RunnerClass"/>
</testsuite> <!-- RunnerClass -->
